build/app/intermediates/manifest_merge_blame_file/release/manifest-merger-blame-release-report.txt
1<?xml version="1.0" encoding="utf-8"?>
2<manifest xmlns:android="http://schemas.android.com/apk/res/android"
3    package="com.example.flutter_diabetes"
4    android:versionCode="1"
5    android:versionName="1.0.0" >
6
7    <uses-sdk
8        android:minSdkVersion="24"
8-->src\main\AndroidManifest.xml
9        android:targetSdkVersion="33" />
9-->src\main\AndroidManifest.xml
10
11    <uses-permission android:name="android.permission.INTERNET" />
11-->src\main\AndroidManifest.xml:2:5-67
11-->src\main\AndroidManifest.xml:2:22-64
12    <uses-permission android:name="android.permission.ACCESS_NETWORK_STATE" />
12-->src\main\AndroidManifest.xml:3:5-79
12-->src\main\AndroidManifest.xml:3:22-76
13    <uses-permission android:name="android.permission.RECEIVE_BOOT_COMPLETED" />
13-->src\main\AndroidManifest.xml:4:5-80
13-->src\main\AndroidManifest.xml:4:22-78
14    <uses-permission android:name="android.permission.WAKE_LOCK" />
14-->src\main\AndroidManifest.xml:5:5-67
14-->src\main\AndroidManifest.xml:5:22-65
15    <uses-permission android:name="android.permission.SCHEDULE_EXACT_ALARM" />
15-->src\main\AndroidManifest.xml:6:5-78
15-->src\main\AndroidManifest.xml:6:22-76
16
17    <queries>
17-->src\main\AndroidManifest.xml:7:9-13:11
18        <intent>
18-->src\main\AndroidManifest.xml:8:5-12:14
19            <action android:name="android.intent.action.VIEW" />
19-->src\main\AndroidManifest.xml:9:9-61
19-->src\main\AndroidManifest.xml:9:17-58
20
21            <category android:name="android.intent.category.BROWSABLE" />
21-->src\main\AndroidManifest.xml:10:9-70
21-->src\main\AndroidManifest.xml:10:19-67
22
23            <data android:scheme="https" />
23-->src\main\AndroidManifest.xml:11:9-40
23-->src\main\AndroidManifest.xml:11:15-37
24        </intent>
25    </queries>
26    <!-- Permissions options for the `notification` group -->
27    <uses-permission android:name="android.permission.POST_NOTIFICATIONS" />
27-->[:firebase_messaging] AndroidManifest.xml:13:5-77
27-->[:firebase_messaging] AndroidManifest.xml:13:22-74
28    <uses-permission android:name="android.permission.VIBRATE" /> <!-- Required by older versions of Google Play services to create IID tokens -->
28-->[:flutter_local_notifications] AndroidManifest.xml:9:5-66
28-->[:flutter_local_notifications] AndroidManifest.xml:9:22-63
29    <uses-permission android:name="com.google.android.c2dm.permission.RECEIVE" />
29-->[com.google.firebase:firebase-messaging:23.2.1] AndroidManifest.xml:26:5-82
29-->[com.google.firebase:firebase-messaging:23.2.1] AndroidManifest.xml:26:22-79
30    <uses-permission android:name="com.google.android.gms.permission.AD_ID" />
30-->[com.google.android.gms:play-services-measurement-api:21.3.0] AndroidManifest.xml:25:5-79
30-->[com.google.android.gms:play-services-measurement-api:21.3.0] AndroidManifest.xml:25:22-76
31    <uses-permission android:name="com.google.android.finsky.permission.BIND_GET_INSTALL_REFERRER_SERVICE" />
31-->[com.google.android.gms:play-services-measurement:21.3.0] AndroidManifest.xml:26:5-110
31-->[com.google.android.gms:play-services-measurement:21.3.0] AndroidManifest.xml:26:22-107
32
33    <permission
33-->[androidx.core:core:1.10.1] AndroidManifest.xml:22:5-24:47
34        android:name="com.example.flutter_diabetes.DYNAMIC_RECEIVER_NOT_EXPORTED_PERMISSION"
34-->[androidx.core:core:1.10.1] AndroidManifest.xml:23:9-81
35        android:protectionLevel="signature" />
35-->[androidx.core:core:1.10.1] AndroidManifest.xml:24:9-44
36
37    <uses-permission android:name="com.example.flutter_diabetes.DYNAMIC_RECEIVER_NOT_EXPORTED_PERMISSION" />
37-->[androidx.core:core:1.10.1] AndroidManifest.xml:26:5-97
37-->[androidx.core:core:1.10.1] AndroidManifest.xml:26:22-94
38
39    <application
40        android:name="android.app.Application"
40-->src\main\AndroidManifest.xml:16:9-42
41        android:appComponentFactory="androidx.core.app.CoreComponentFactory"
41-->[androidx.core:core:1.10.1] AndroidManifest.xml:28:18-86
42        android:extractNativeLibs="false"
43        android:icon="@mipmap/ic_launcher"
43-->src\main\AndroidManifest.xml:17:9-43
44        android:label="Diario Diabetes" >
44-->src\main\AndroidManifest.xml:15:9-40
45        <service
45-->src\main\AndroidManifest.xml:18:9-21:31
46            android:name="dev.fluttercommunity.plus.androidalarmmanager.AlarmService"
46-->src\main\AndroidManifest.xml:19:5-78
47            android:exported="false"
47-->src\main\AndroidManifest.xml:21:5-29
48            android:permission="android.permission.BIND_JOB_SERVICE" />
48-->src\main\AndroidManifest.xml:20:5-61
49
50        <receiver
50-->src\main\AndroidManifest.xml:22:1-24:31
51            android:name="dev.fluttercommunity.plus.androidalarmmanager.AlarmBroadcastReceiver"
51-->src\main\AndroidManifest.xml:23:5-88
52            android:exported="false" />
52-->src\main\AndroidManifest.xml:24:5-29
53        <receiver
53-->src\main\AndroidManifest.xml:25:1-32:12
54            android:name="dev.fluttercommunity.plus.androidalarmmanager.RebootBroadcastReceiver"
54-->src\main\AndroidManifest.xml:26:5-89
55            android:enabled="false"
55-->src\main\AndroidManifest.xml:27:5-28
56            android:exported="false" >
56-->src\main\AndroidManifest.xml:28:5-29
57            <intent-filter>
57-->src\main\AndroidManifest.xml:29:5-31:21
58                <action android:name="android.intent.action.BOOT_COMPLETED" />
58-->src\main\AndroidManifest.xml:30:9-71
58-->src\main\AndroidManifest.xml:30:17-68
59            </intent-filter>
60        </receiver>
61
62        <activity
62-->src\main\AndroidManifest.xml:33:9-53:20
63            android:name="com.example.flutter_diabetes.MainActivity"
63-->src\main\AndroidManifest.xml:34:13-41
64            android:configChanges="orientation|keyboardHidden|keyboard|screenSize|smallestScreenSize|locale|layoutDirection|fontScale|screenLayout|density|uiMode"
64-->src\main\AndroidManifest.xml:38:13-163
65            android:exported="true"
65-->src\main\AndroidManifest.xml:35:13-36
66            android:hardwareAccelerated="true"
66-->src\main\AndroidManifest.xml:39:13-47
67            android:launchMode="singleTop"
67-->src\main\AndroidManifest.xml:36:13-43
68            android:theme="@style/LaunchTheme"
68-->src\main\AndroidManifest.xml:37:13-47
69            android:windowSoftInputMode="adjustResize" >
69-->src\main\AndroidManifest.xml:40:13-55
70
71            <!--
72                 Specifies an Android theme to apply to this Activity as soon as
73                 the Android process has started. This theme is visible to the user
74                 while the Flutter UI initializes. After that, this theme continues
75                 to determine the Window background behind the Flutter UI.
76            -->
77            <meta-data
77-->src\main\AndroidManifest.xml:45:13-48:17
78                android:name="io.flutter.embedding.android.NormalTheme"
78-->src\main\AndroidManifest.xml:46:15-70
79                android:resource="@style/NormalTheme" />
79-->src\main\AndroidManifest.xml:47:15-52
80
81            <intent-filter>
81-->src\main\AndroidManifest.xml:49:13-52:29
82                <action android:name="android.intent.action.MAIN" />
82-->src\main\AndroidManifest.xml:50:17-68
82-->src\main\AndroidManifest.xml:50:25-66
83
84                <category android:name="android.intent.category.LAUNCHER" />
84-->src\main\AndroidManifest.xml:51:17-76
84-->src\main\AndroidManifest.xml:51:27-74
85            </intent-filter>
86        </activity>
87        <!--
88             Don't delete the meta-data below.
89             This is used by the Flutter tool to generate GeneratedPluginRegistrant.java
90        -->
91        <meta-data
91-->src\main\AndroidManifest.xml:56:9-58:33
92            android:name="flutterEmbedding"
92-->src\main\AndroidManifest.xml:57:13-44
93            android:value="2" />
93-->src\main\AndroidManifest.xml:58:13-30
94
95        <service
95-->[:firebase_auth] AndroidManifest.xml:10:9-14:19
96            android:name="com.google.firebase.components.ComponentDiscoveryService"
96-->[:firebase_auth] AndroidManifest.xml:10:18-89
97            android:directBootAware="true"
97-->[com.google.firebase:firebase-common:20.3.3] AndroidManifest.xml:34:13-43
98            android:exported="false" >
98-->[com.google.firebase:firebase-auth:22.1.2] AndroidManifest.xml:68:13-37
99            <meta-data
99-->[:firebase_auth] AndroidManifest.xml:11:13-13:85
100                android:name="com.google.firebase.components:io.flutter.plugins.firebase.auth.FlutterFirebaseAuthRegistrar"
100-->[:firebase_auth] AndroidManifest.xml:12:17-124
101                android:value="com.google.firebase.components.ComponentRegistrar" />
101-->[:firebase_auth] AndroidManifest.xml:13:17-82
102            <meta-data
102-->[:cloud_firestore] AndroidManifest.xml:11:13-13:85
103                android:name="com.google.firebase.components:io.flutter.plugins.firebase.firestore.FlutterFirebaseFirestoreRegistrar"
103-->[:cloud_firestore] AndroidManifest.xml:12:17-134
104                android:value="com.google.firebase.components.ComponentRegistrar" />
104-->[:cloud_firestore] AndroidManifest.xml:13:17-82
105            <meta-data
105-->[:firebase_messaging] AndroidManifest.xml:38:13-40:85
106                android:name="com.google.firebase.components:io.flutter.plugins.firebase.messaging.FlutterFirebaseAppRegistrar"
106-->[:firebase_messaging] AndroidManifest.xml:39:17-128
107                android:value="com.google.firebase.components.ComponentRegistrar" />
107-->[:firebase_messaging] AndroidManifest.xml:40:17-82
108            <meta-data
108-->[:firebase_core] AndroidManifest.xml:11:13-13:85
109                android:name="com.google.firebase.components:io.flutter.plugins.firebase.core.FlutterFirebaseCoreRegistrar"
109-->[:firebase_core] AndroidManifest.xml:12:17-124
110                android:value="com.google.firebase.components.ComponentRegistrar" />
110-->[:firebase_core] AndroidManifest.xml:13:17-82
111            <meta-data
111-->[com.google.firebase:firebase-auth:22.1.2] AndroidManifest.xml:69:13-71:85
112                android:name="com.google.firebase.components:com.google.firebase.auth.FirebaseAuthRegistrar"
112-->[com.google.firebase:firebase-auth:22.1.2] AndroidManifest.xml:70:17-109
113                android:value="com.google.firebase.components.ComponentRegistrar" />
113-->[com.google.firebase:firebase-auth:22.1.2] AndroidManifest.xml:71:17-82
114            <meta-data
114-->[com.google.firebase:firebase-messaging:23.2.1] AndroidManifest.xml:53:13-55:85
115                android:name="com.google.firebase.components:com.google.firebase.messaging.FirebaseMessagingRegistrar"
115-->[com.google.firebase:firebase-messaging:23.2.1] AndroidManifest.xml:54:17-119
116                android:value="com.google.firebase.components.ComponentRegistrar" />
116-->[com.google.firebase:firebase-messaging:23.2.1] AndroidManifest.xml:55:17-82
117            <meta-data
117-->[com.google.firebase:firebase-datatransport:18.1.7] AndroidManifest.xml:27:13-29:85
118                android:name="com.google.firebase.components:com.google.firebase.datatransport.TransportRegistrar"
118-->[com.google.firebase:firebase-datatransport:18.1.7] AndroidManifest.xml:28:17-115
119                android:value="com.google.firebase.components.ComponentRegistrar" />
119-->[com.google.firebase:firebase-datatransport:18.1.7] AndroidManifest.xml:29:17-82
120            <meta-data
120-->[com.google.firebase:firebase-firestore:24.8.1] AndroidManifest.xml:17:13-19:85
121                android:name="com.google.firebase.components:com.google.firebase.firestore.FirestoreRegistrar"
121-->[com.google.firebase:firebase-firestore:24.8.1] AndroidManifest.xml:18:17-111
122                android:value="com.google.firebase.components.ComponentRegistrar" />
122-->[com.google.firebase:firebase-firestore:24.8.1] AndroidManifest.xml:19:17-82
123            <meta-data
123-->[com.google.firebase:firebase-iid:21.1.0] AndroidManifest.xml:32:13-34:85
124                android:name="com.google.firebase.components:com.google.firebase.iid.Registrar"
124-->[com.google.firebase:firebase-iid:21.1.0] AndroidManifest.xml:33:17-96
125                android:value="com.google.firebase.components.ComponentRegistrar" />
125-->[com.google.firebase:firebase-iid:21.1.0] AndroidManifest.xml:34:17-82
126            <meta-data
126-->[com.google.android.gms:play-services-measurement-api:21.3.0] AndroidManifest.xml:31:13-33:85
127                android:name="com.google.firebase.components:com.google.firebase.analytics.connector.internal.AnalyticsConnectorRegistrar"
127-->[com.google.android.gms:play-services-measurement-api:21.3.0] AndroidManifest.xml:32:17-139
128                android:value="com.google.firebase.components.ComponentRegistrar" />
128-->[com.google.android.gms:play-services-measurement-api:21.3.0] AndroidManifest.xml:33:17-82
129            <meta-data
129-->[com.google.firebase:firebase-installations:17.1.4] AndroidManifest.xml:15:13-17:85
130                android:name="com.google.firebase.components:com.google.firebase.installations.FirebaseInstallationsRegistrar"
130-->[com.google.firebase:firebase-installations:17.1.4] AndroidManifest.xml:16:17-127
131                android:value="com.google.firebase.components.ComponentRegistrar" />
131-->[com.google.firebase:firebase-installations:17.1.4] AndroidManifest.xml:17:17-82
132        </service>
133        <service
133-->[:firebase_messaging] AndroidManifest.xml:16:9-19:72
134            android:name="io.flutter.plugins.firebase.messaging.FlutterFirebaseMessagingBackgroundService"
134-->[:firebase_messaging] AndroidManifest.xml:17:13-107
135            android:exported="false"
135-->[:firebase_messaging] AndroidManifest.xml:18:13-37
136            android:permission="android.permission.BIND_JOB_SERVICE" />
136-->[:firebase_messaging] AndroidManifest.xml:19:13-69
137        <service
137-->[:firebase_messaging] AndroidManifest.xml:20:9-26:19
138            android:name="io.flutter.plugins.firebase.messaging.FlutterFirebaseMessagingService"
138-->[:firebase_messaging] AndroidManifest.xml:21:13-97
139            android:exported="false" >
139-->[:firebase_messaging] AndroidManifest.xml:22:13-37
140            <intent-filter>
140-->[:firebase_messaging] AndroidManifest.xml:23:13-25:29
141                <action android:name="com.google.firebase.MESSAGING_EVENT" />
141-->[:firebase_messaging] AndroidManifest.xml:24:17-78
141-->[:firebase_messaging] AndroidManifest.xml:24:25-75
142            </intent-filter>
143        </service>
144
145        <receiver
145-->[:firebase_messaging] AndroidManifest.xml:28:9-35:20
146            android:name="io.flutter.plugins.firebase.messaging.FlutterFirebaseMessagingReceiver"
146-->[:firebase_messaging] AndroidManifest.xml:29:13-98
147            android:exported="true"
147-->[:firebase_messaging] AndroidManifest.xml:30:13-36
148            android:permission="com.google.android.c2dm.permission.SEND" >
148-->[:firebase_messaging] AndroidManifest.xml:31:13-73
149            <intent-filter>
149-->[:firebase_messaging] AndroidManifest.xml:32:13-34:29
150                <action android:name="com.google.android.c2dm.intent.RECEIVE" />
150-->[:firebase_messaging] AndroidManifest.xml:33:17-81
150-->[:firebase_messaging] AndroidManifest.xml:33:25-78
151            </intent-filter>
152        </receiver>
153
154        <provider
154-->[:firebase_messaging] AndroidManifest.xml:43:9-47:38
155            android:name="io.flutter.plugins.firebase.messaging.FlutterFirebaseMessagingInitProvider"
155-->[:firebase_messaging] AndroidManifest.xml:44:13-102
156            android:authorities="com.example.flutter_diabetes.flutterfirebasemessaginginitprovider"
156-->[:firebase_messaging] AndroidManifest.xml:45:13-88
157            android:exported="false"
157-->[:firebase_messaging] AndroidManifest.xml:46:13-37
158            android:initOrder="99" />
158-->[:firebase_messaging] AndroidManifest.xml:47:13-35
159
160        <activity
160-->[:url_launcher_android] AndroidManifest.xml:10:9-13:74
161            android:name="io.flutter.plugins.urllauncher.WebViewActivity"
161-->[:url_launcher_android] AndroidManifest.xml:11:13-74
162            android:exported="false"
162-->[:url_launcher_android] AndroidManifest.xml:12:13-37
163            android:theme="@android:style/Theme.NoTitleBar.Fullscreen" />
163-->[:url_launcher_android] AndroidManifest.xml:13:13-71
164        <activity
164-->[com.google.firebase:firebase-auth:22.1.2] AndroidManifest.xml:29:9-46:20
165            android:name="com.google.firebase.auth.internal.GenericIdpActivity"
165-->[com.google.firebase:firebase-auth:22.1.2] AndroidManifest.xml:30:13-80
166            android:excludeFromRecents="true"
166-->[com.google.firebase:firebase-auth:22.1.2] AndroidManifest.xml:31:13-46
167            android:exported="true"
167-->[com.google.firebase:firebase-auth:22.1.2] AndroidManifest.xml:32:13-36
168            android:launchMode="singleTask"
168-->[com.google.firebase:firebase-auth:22.1.2] AndroidManifest.xml:33:13-44
169            android:theme="@android:style/Theme.Translucent.NoTitleBar" >
169-->[com.google.firebase:firebase-auth:22.1.2] AndroidManifest.xml:34:13-72
170            <intent-filter>
170-->[com.google.firebase:firebase-auth:22.1.2] AndroidManifest.xml:35:13-45:29
171                <action android:name="android.intent.action.VIEW" />
171-->src\main\AndroidManifest.xml:9:9-61
171-->src\main\AndroidManifest.xml:9:17-58
172
173                <category android:name="android.intent.category.DEFAULT" />
173-->[com.google.firebase:firebase-auth:22.1.2] AndroidManifest.xml:38:17-76
173-->[com.google.firebase:firebase-auth:22.1.2] AndroidManifest.xml:38:27-73
174                <category android:name="android.intent.category.BROWSABLE" />
174-->src\main\AndroidManifest.xml:10:9-70
174-->src\main\AndroidManifest.xml:10:19-67
175
176                <data
176-->src\main\AndroidManifest.xml:11:9-40
177                    android:host="firebase.auth"
178                    android:path="/"
179                    android:scheme="genericidp" />
179-->src\main\AndroidManifest.xml:11:15-37
180            </intent-filter>
181        </activity>
182        <activity
182-->[com.google.firebase:firebase-auth:22.1.2] AndroidManifest.xml:47:9-64:20
183            android:name="com.google.firebase.auth.internal.RecaptchaActivity"
183-->[com.google.firebase:firebase-auth:22.1.2] AndroidManifest.xml:48:13-79
184            android:excludeFromRecents="true"
184-->[com.google.firebase:firebase-auth:22.1.2] AndroidManifest.xml:49:13-46
185            android:exported="true"
185-->[com.google.firebase:firebase-auth:22.1.2] AndroidManifest.xml:50:13-36
186            android:launchMode="singleTask"
186-->[com.google.firebase:firebase-auth:22.1.2] AndroidManifest.xml:51:13-44
187            android:theme="@android:style/Theme.Translucent.NoTitleBar" >
187-->[com.google.firebase:firebase-auth:22.1.2] AndroidManifest.xml:52:13-72
188            <intent-filter>
188-->[com.google.firebase:firebase-auth:22.1.2] AndroidManifest.xml:53:13-63:29
189                <action android:name="android.intent.action.VIEW" />
189-->src\main\AndroidManifest.xml:9:9-61
189-->src\main\AndroidManifest.xml:9:17-58
190
191                <category android:name="android.intent.category.DEFAULT" />
191-->[com.google.firebase:firebase-auth:22.1.2] AndroidManifest.xml:38:17-76
191-->[com.google.firebase:firebase-auth:22.1.2] AndroidManifest.xml:38:27-73
192                <category android:name="android.intent.category.BROWSABLE" />
192-->src\main\AndroidManifest.xml:10:9-70
192-->src\main\AndroidManifest.xml:10:19-67
193
194                <data
194-->src\main\AndroidManifest.xml:11:9-40
195                    android:host="firebase.auth"
196                    android:path="/"
197                    android:scheme="recaptcha" />
197-->src\main\AndroidManifest.xml:11:15-37
198            </intent-filter>
199        </activity>
200
201        <uses-library
201-->[androidx.window:window:1.0.0-beta04] AndroidManifest.xml:25:9-27:40
202            android:name="androidx.window.extensions"
202-->[androidx.window:window:1.0.0-beta04] AndroidManifest.xml:26:13-54
203            android:required="false" />
203-->[androidx.window:window:1.0.0-beta04] AndroidManifest.xml:27:13-37
204        <uses-library
204-->[androidx.window:window:1.0.0-beta04] AndroidManifest.xml:28:9-30:40
205            android:name="androidx.window.sidecar"
205-->[androidx.window:window:1.0.0-beta04] AndroidManifest.xml:29:13-51
206            android:required="false" />
206-->[androidx.window:window:1.0.0-beta04] AndroidManifest.xml:30:13-37
207
208        <receiver
208-->[com.google.firebase:firebase-messaging:23.2.1] AndroidManifest.xml:29:9-36:20
209            android:name="com.google.firebase.iid.FirebaseInstanceIdReceiver"
209-->[com.google.firebase:firebase-messaging:23.2.1] AndroidManifest.xml:30:13-78
210            android:exported="true"
210-->[com.google.firebase:firebase-messaging:23.2.1] AndroidManifest.xml:31:13-36
211            android:permission="com.google.android.c2dm.permission.SEND" >
211-->[com.google.firebase:firebase-messaging:23.2.1] AndroidManifest.xml:32:13-73
212            <intent-filter>
212-->[:firebase_messaging] AndroidManifest.xml:32:13-34:29
213                <action android:name="com.google.android.c2dm.intent.RECEIVE" />
213-->[:firebase_messaging] AndroidManifest.xml:33:17-81
213-->[:firebase_messaging] AndroidManifest.xml:33:25-78
214            </intent-filter>
215        </receiver>
216        <!--
217             FirebaseMessagingService performs security checks at runtime,
218             but set to not exported to explicitly avoid allowing another app to call it.
219        -->
220        <service
220-->[com.google.firebase:firebase-messaging:23.2.1] AndroidManifest.xml:42:9-49:19
221            android:name="com.google.firebase.messaging.FirebaseMessagingService"
221-->[com.google.firebase:firebase-messaging:23.2.1] AndroidManifest.xml:43:13-82
222            android:directBootAware="true"
222-->[com.google.firebase:firebase-messaging:23.2.1] AndroidManifest.xml:44:13-43
223            android:exported="false" >
223-->[com.google.firebase:firebase-messaging:23.2.1] AndroidManifest.xml:45:13-37
224            <intent-filter android:priority="-500" >
224-->[:firebase_messaging] AndroidManifest.xml:23:13-25:29
225                <action android:name="com.google.firebase.MESSAGING_EVENT" />
225-->[:firebase_messaging] AndroidManifest.xml:24:17-78
225-->[:firebase_messaging] AndroidManifest.xml:24:25-75
226            </intent-filter>
227        </service>
228        <service
228-->[com.google.android.datatransport:transport-backend-cct:3.1.8] AndroidManifest.xml:28:9-34:19
229            android:name="com.google.android.datatransport.runtime.backends.TransportBackendDiscovery"
229-->[com.google.android.datatransport:transport-backend-cct:3.1.8] AndroidManifest.xml:29:13-103
230            android:exported="false" >
230-->[com.google.android.datatransport:transport-backend-cct:3.1.8] AndroidManifest.xml:30:13-37
231            <meta-data
231-->[com.google.android.datatransport:transport-backend-cct:3.1.8] AndroidManifest.xml:31:13-33:39
232                android:name="backend:com.google.android.datatransport.cct.CctBackendFactory"
232-->[com.google.android.datatransport:transport-backend-cct:3.1.8] AndroidManifest.xml:32:17-94
233                android:value="cct" />
233-->[com.google.android.datatransport:transport-backend-cct:3.1.8] AndroidManifest.xml:33:17-36
234        </service>
235        <service
235-->[com.google.android.datatransport:transport-runtime:3.1.8] AndroidManifest.xml:26:9-30:19
236            android:name="com.google.android.datatransport.runtime.scheduling.jobscheduling.JobInfoSchedulerService"
236-->[com.google.android.datatransport:transport-runtime:3.1.8] AndroidManifest.xml:27:13-117
237            android:exported="false"
237-->[com.google.android.datatransport:transport-runtime:3.1.8] AndroidManifest.xml:28:13-37
238            android:permission="android.permission.BIND_JOB_SERVICE" >
238-->[com.google.android.datatransport:transport-runtime:3.1.8] AndroidManifest.xml:29:13-69
239        </service>
240
241        <receiver
241-->[com.google.android.datatransport:transport-runtime:3.1.8] AndroidManifest.xml:32:9-34:40
242            android:name="com.google.android.datatransport.runtime.scheduling.jobscheduling.AlarmManagerSchedulerBroadcastReceiver"
242-->[com.google.android.datatransport:transport-runtime:3.1.8] AndroidManifest.xml:33:13-132
243            android:exported="false" />
243-->[com.google.android.datatransport:transport-runtime:3.1.8] AndroidManifest.xml:34:13-37
244
245        <provider
245-->[com.google.firebase:firebase-common:20.3.3] AndroidManifest.xml:25:9-30:39
246            android:name="com.google.firebase.provider.FirebaseInitProvider"
246-->[com.google.firebase:firebase-common:20.3.3] AndroidManifest.xml:26:13-77
247            android:authorities="com.example.flutter_diabetes.firebaseinitprovider"
247-->[com.google.firebase:firebase-common:20.3.3] AndroidManifest.xml:27:13-72
248            android:directBootAware="true"
248-->[com.google.firebase:firebase-common:20.3.3] AndroidManifest.xml:28:13-43
249            android:exported="false"
249-->[com.google.firebase:firebase-common:20.3.3] AndroidManifest.xml:29:13-37
250            android:initOrder="100" />
250-->[com.google.firebase:firebase-common:20.3.3] AndroidManifest.xml:30:13-36
251
252        <receiver
252-->[com.google.android.gms:play-services-measurement:21.3.0] AndroidManifest.xml:29:9-33:20
253            android:name="com.google.android.gms.measurement.AppMeasurementReceiver"
253-->[com.google.android.gms:play-services-measurement:21.3.0] AndroidManifest.xml:30:13-85
254            android:enabled="true"
254-->[com.google.android.gms:play-services-measurement:21.3.0] AndroidManifest.xml:31:13-35
255            android:exported="false" >
255-->[com.google.android.gms:play-services-measurement:21.3.0] AndroidManifest.xml:32:13-37
256        </receiver>
257
258        <service
258-->[com.google.android.gms:play-services-measurement:21.3.0] AndroidManifest.xml:35:9-38:40
259            android:name="com.google.android.gms.measurement.AppMeasurementService"
259-->[com.google.android.gms:play-services-measurement:21.3.0] AndroidManifest.xml:36:13-84
260            android:enabled="true"
260-->[com.google.android.gms:play-services-measurement:21.3.0] AndroidManifest.xml:37:13-35
261            android:exported="false" />
261-->[com.google.android.gms:play-services-measurement:21.3.0] AndroidManifest.xml:38:13-37
262        <service
262-->[com.google.android.gms:play-services-measurement:21.3.0] AndroidManifest.xml:39:9-43:72
263            android:name="com.google.android.gms.measurement.AppMeasurementJobService"
263-->[com.google.android.gms:play-services-measurement:21.3.0] AndroidManifest.xml:40:13-87
264            android:enabled="true"
264-->[com.google.android.gms:play-services-measurement:21.3.0] AndroidManifest.xml:41:13-35
265            android:exported="false"
265-->[com.google.android.gms:play-services-measurement:21.3.0] AndroidManifest.xml:42:13-37
266            android:permission="android.permission.BIND_JOB_SERVICE" />
266-->[com.google.android.gms:play-services-measurement:21.3.0] AndroidManifest.xml:43:13-69
267
268        <activity
268-->[com.google.android.gms:play-services-base:18.0.1] AndroidManifest.xml:20:9-22:45
269            android:name="com.google.android.gms.common.api.GoogleApiActivity"
269-->[com.google.android.gms:play-services-base:18.0.1] AndroidManifest.xml:20:19-85
270            android:exported="false"
270-->[com.google.android.gms:play-services-base:18.0.1] AndroidManifest.xml:22:19-43
271            android:theme="@android:style/Theme.Translucent.NoTitleBar" />
271-->[com.google.android.gms:play-services-base:18.0.1] AndroidManifest.xml:21:19-78
272
273        <meta-data
273-->[com.google.android.gms:play-services-basement:18.1.0] AndroidManifest.xml:21:9-23:69
274            android:name="com.google.android.gms.version"
274-->[com.google.android.gms:play-services-basement:18.1.0] AndroidManifest.xml:22:13-58
275            android:value="@integer/google_play_services_version" />
275-->[com.google.android.gms:play-services-basement:18.1.0] AndroidManifest.xml:23:13-66
276    </application>
277
278</manifest>